# JRE version: OpenJDK Runtime Environment (8.0_222-b10) (build 1.8.0_222-8u222-b10-1ubuntu1~16.04.1-b10)
# Java VM: OpenJDK 64-Bit Server VM (25.222-b10 mixed mode, sharing linux-amd64 compressed oops)
Heap:
 PSYoungGen      total 168448K, used 74645K [0x00000000f5580000, 0x00000000fff00000, 0x0000000100000000)
  eden space 167424K, 44% used [0x00000000f5580000,0x00000000f9de2058,0x00000000ff900000)
  from space 1024K, 51% used [0x00000000ff900000,0x00000000ff983620,0x00000000ffa00000)
  to   space 3072K, 0% used [0x00000000ffc00000,0x00000000ffc00000,0x00000000fff00000)
 ParOldGen       total 73728K, used 18348K [0x00000000e0000000, 0x00000000e4800000, 0x00000000f5580000)
  object space 73728K, 24% used [0x00000000e0000000,0x00000000e11eb380,0x00000000e4800000)
 Metaspace       used 12921K, capacity 13320K, committed 13568K, reserved 1060864K
  class space    used 1638K, capacity 1759K, committed 1792K, reserved 1048576K
GC Heap History (10 events):
Event: 43.537 GC heap before
{Heap before GC invocations=30 (full 1):
 PSYoungGen      total 168960K, used 165993K [0x00000000f5580000, 0x00000000fff00000, 0x0000000100000000)
  eden space 165376K, 100% used [0x00000000f5580000,0x00000000ff700000,0x00000000ff700000)
  from space 3584K, 17% used [0x00000000ffb80000,0x00000000ffc1a458,0x00000000fff00000)
  to   space 4096K, 0% used [0x00000000ff700000,0x00000000ff700000,0x00000000ffb00000)
 ParOldGen       total 73728K, used 18004K [0x00000000e0000000, 0x00000000e4800000, 0x00000000f5580000)
  object space 73728K, 24% used [0x00000000e0000000,0x00000000e1195380,0x00000000e4800000)
 Metaspace       used 12884K, capacity 13192K, committed 13312K, reserved 1060864K
  class space    used 1638K, capacity 1759K, committed 1792K, reserved 1048576K
Event: 43.543 GC heap after
Heap after GC invocations=30 (full 1):
 PSYoungGen      total 169472K, used 643K [0x00000000f5580000, 0x0000000100000000, 0x0000000100000000)
  eden space 165376K, 0% used [0x00000000f5580000,0x00000000f5580000,0x00000000ff700000)
  from space 4096K, 15% used [0x00000000ff700000,0x00000000ff7a0d30,0x00000000ffb00000)
  to   space 4096K, 0% used [0x00000000ffc00000,0x00000000ffc00000,0x0000000100000000)
 ParOldGen       total 73728K, used 18084K [0x00000000e0000000, 0x00000000e4800000, 0x00000000f5580000)
  object space 73728K, 24% used [0x00000000e0000000,0x00000000e11a9380,0x00000000e4800000)
 Metaspace       used 12884K, capacity 13192K, committed 13312K, reserved 1060864K
  class space    used 1638K, capacity 1759K, committed 1792K, reserved 1048576K
}
Event: 44.236 GC heap before
{Heap before GC invocations=31 (full 1):
 PSYoungGen      total 169472K, used 166019K [0x00000000f5580000, 0x0000000100000000, 0x0000000100000000)
  eden space 165376K, 100% used [0x00000000f5580000,0x00000000ff700000,0x00000000ff700000)
  from space 4096K, 15% used [0x00000000ff700000,0x00000000ff7a0d30,0x00000000ffb00000)
  to   space 4096K, 0% used [0x00000000ffc00000,0x00000000ffc00000,0x0000000100000000)
 ParOldGen       total 73728K, used 18084K [0x00000000e0000000, 0x00000000e4800000, 0x00000000f5580000)
  object space 73728K, 24% used [0x00000000e0000000,0x00000000e11a9380,0x00000000e4800000)
 Metaspace       used 12895K, capacity 13192K, committed 13312K, reserved 1060864K
  class space    used 1638K, capacity 1759K, committed 1792K, reserved 1048576K
Event: 44.245 GC heap after
Heap after GC invocations=31 (full 1):
 PSYoungGen      total 169472K, used 462K [0x00000000f5580000, 0x00000000fff00000, 0x0000000100000000)
  eden space 166400K, 0% used [0x00000000f5580000,0x00000000f5580000,0x00000000ff800000)
  from space 3072K, 15% used [0x00000000ffc00000,0x00000000ffc73920,0x00000000fff00000)
  to   space 3584K, 0% used [0x00000000ff800000,0x00000000ff800000,0x00000000ffb80000)
 ParOldGen       total 73728K, used 18148K [0x00000000e0000000, 0x00000000e4800000, 0x00000000f5580000)
  object space 73728K, 24% used [0x00000000e0000000,0x00000000e11b9380,0x00000000e4800000)
 Metaspace       used 12895K, capacity 13192K, committed 13312K, reserved 1060864K
  class space    used 1638K, capacity 1759K, committed 1792K, reserved 1048576K
}
Event: 44.913 GC heap before
{Heap before GC invocations=32 (full 1):
 PSYoungGen      total 169472K, used 166862K [0x00000000f5580000, 0x00000000fff00000, 0x0000000100000000)
  eden space 166400K, 100% used [0x00000000f5580000,0x00000000ff800000,0x00000000ff800000)
  from space 3072K, 15% used [0x00000000ffc00000,0x00000000ffc73920,0x00000000fff00000)
  to   space 3584K, 0% used [0x00000000ff800000,0x00000000ff800000,0x00000000ffb80000)
 ParOldGen       total 73728K, used 18148K [0x00000000e0000000, 0x00000000e4800000, 0x00000000f5580000)
  object space 73728K, 24% used [0x00000000e0000000,0x00000000e11b9380,0x00000000e4800000)
 Metaspace       used 12905K, capacity 13320K, committed 13568K, reserved 1060864K
  class space    used 1638K, capacity 1759K, committed 1792K, reserved 1048576K
Event: 44.919 GC heap after
Heap after GC invocations=32 (full 1):
 PSYoungGen      total 169984K, used 490K [0x00000000f5580000, 0x0000000100000000, 0x0000000100000000)
  eden space 166400K, 0% used [0x00000000f5580000,0x00000000f5580000,0x00000000ff800000)
  from space 3584K, 13% used [0x00000000ff800000,0x00000000ff87aa40,0x00000000ffb80000)
  to   space 3584K, 0% used [0x00000000ffc80000,0x00000000ffc80000,0x0000000100000000)
 ParOldGen       total 73728K, used 18204K [0x00000000e0000000, 0x00000000e4800000, 0x00000000f5580000)
  object space 73728K, 24% used [0x00000000e0000000,0x00000000e11c7380,0x00000000e4800000)
 Metaspace       used 12905K, capacity 13320K, committed 13568K, reserved 1060864K
  class space    used 1638K, capacity 1759K, committed 1792K, reserved 1048576K
}
Event: 45.557 GC heap before
{Heap before GC invocations=33 (full 1):
 PSYoungGen      total 169984K, used 166890K [0x00000000f5580000, 0x0000000100000000, 0x0000000100000000)
  eden space 166400K, 100% used [0x00000000f5580000,0x00000000ff800000,0x00000000ff800000)
  from space 3584K, 13% used [0x00000000ff800000,0x00000000ff87aa40,0x00000000ffb80000)
  to   space 3584K, 0% used [0x00000000ffc80000,0x00000000ffc80000,0x0000000100000000)
 ParOldGen       total 73728K, used 18204K [0x00000000e0000000, 0x00000000e4800000, 0x00000000f5580000)
  object space 73728K, 24% used [0x00000000e0000000,0x00000000e11c7380,0x00000000e4800000)
 Metaspace       used 12907K, capacity 13320K, committed 13568K, reserved 1060864K
  class space    used 1638K, capacity 1759K, committed 1792K, reserved 1048576K
Event: 45.562 GC heap after
Heap after GC invocations=33 (full 1):
 PSYoungGen      total 171008K, used 588K [0x00000000f5580000, 0x0000000100000000, 0x0000000100000000)
  eden space 167424K, 0% used [0x00000000f5580000,0x00000000f5580000,0x00000000ff900000)
  from space 3584K, 16% used [0x00000000ffc80000,0x00000000ffd13068,0x0000000100000000)
  to   space 3584K, 0% used [0x00000000ff900000,0x00000000ff900000,0x00000000ffc80000)
 ParOldGen       total 73728K, used 18276K [0x00000000e0000000, 0x00000000e4800000, 0x00000000f5580000)
  object space 73728K, 24% used [0x00000000e0000000,0x00000000e11d9380,0x00000000e4800000)
 Metaspace       used 12907K, capacity 13320K, committed 13568K, reserved 1060864K
  class space    used 1638K, capacity 1759K, committed 1792K, reserved 1048576K
}
Event: 46.219 GC heap before
{Heap before GC invocations=34 (full 1):
 PSYoungGen      total 171008K, used 168012K [0x00000000f5580000, 0x0000000100000000, 0x0000000100000000)
  eden space 167424K, 100% used [0x00000000f5580000,0x00000000ff900000,0x00000000ff900000)
  from space 3584K, 16% used [0x00000000ffc80000,0x00000000ffd13068,0x0000000100000000)
  to   space 3584K, 0% used [0x00000000ff900000,0x00000000ff900000,0x00000000ffc80000)
 ParOldGen       total 73728K, used 18276K [0x00000000e0000000, 0x00000000e4800000, 0x00000000f5580000)
  object space 73728K, 24% used [0x00000000e0000000,0x00000000e11d9380,0x00000000e4800000)
 Metaspace       used 12917K, capacity 13320K, committed 13568K, reserved 1060864K
  class space    used 1638K, capacity 1759K, committed 1792K, reserved 1048576K
Event: 46.227 GC heap after
Heap after GC invocations=34 (full 1):
 PSYoungGen      total 168448K, used 525K [0x00000000f5580000, 0x00000000fff00000, 0x0000000100000000)
  eden space 167424K, 0% used [0x00000000f5580000,0x00000000f5580000,0x00000000ff900000)
  from space 1024K, 51% used [0x00000000ff900000,0x00000000ff983620,0x00000000ffa00000)
  to   space 3072K, 0% used [0x00000000ffc00000,0x00000000ffc00000,0x00000000fff00000)
 ParOldGen       total 73728K, used 18348K [0x00000000e0000000, 0x00000000e4800000, 0x00000000f5580000)
  object space 73728K, 24% used [0x00000000e0000000,0x00000000e11eb380,0x00000000e4800000)
 Metaspace       used 12917K, capacity 13320K, committed 13568K, reserved 1060864K
  class space    used 1638K, capacity 1759K, committed 1792K, reserved 1048576K
}

