# JRE version: OpenJDK Runtime Environment (8.0_222-b10) (build 1.8.0_222-8u222-b10-1ubuntu1~16.04.1-b10)
# Java VM: OpenJDK 64-Bit Server VM (25.222-b10 mixed mode, sharing linux-amd64 compressed oops)
Heap:
 PSYoungGen      total 168960K, used 68583K [0x00000000f5580000, 0x00000000fff00000, 0x0000000100000000)
  eden space 168448K, 40% used [0x00000000f5580000,0x00000000f97ff118,0x00000000ffa00000)
  from space 512K, 96% used [0x00000000ffa00000,0x00000000ffa7aeb8,0x00000000ffa80000)
  to   space 2560K, 0% used [0x00000000ffc80000,0x00000000ffc80000,0x00000000fff00000)
 ParOldGen       total 73728K, used 30633K [0x00000000e0000000, 0x00000000e4800000, 0x00000000f5580000)
  object space 73728K, 41% used [0x00000000e0000000,0x00000000e1dea488,0x00000000e4800000)
 Metaspace       used 15953K, capacity 16332K, committed 16512K, reserved 1064960K
  class space    used 1740K, capacity 1857K, committed 1920K, reserved 1048576K
GC Heap History (10 events):
Event: 8071.268 GC heap before
{Heap before GC invocations=647 (full 36):
 PSYoungGen      total 171008K, used 167948K [0x00000000f5580000, 0x0000000100000000, 0x0000000100000000)
  eden space 167424K, 100% used [0x00000000f5580000,0x00000000ff900000,0x00000000ff900000)
  from space 3584K, 14% used [0x00000000ffc80000,0x00000000ffd030a8,0x0000000100000000)
  to   space 3584K, 0% used [0x00000000ff900000,0x00000000ff900000,0x00000000ffc80000)
 ParOldGen       total 73728K, used 30337K [0x00000000e0000000, 0x00000000e4800000, 0x00000000f5580000)
  object space 73728K, 41% used [0x00000000e0000000,0x00000000e1da0488,0x00000000e4800000)
 Metaspace       used 15953K, capacity 16332K, committed 16512K, reserved 1064960K
  class space    used 1740K, capacity 1857K, committed 1920K, reserved 1048576K
Event: 8071.272 GC heap after
Heap after GC invocations=647 (full 36):
 PSYoungGen      total 167936K, used 457K [0x00000000f5580000, 0x00000000fff00000, 0x0000000100000000)
  eden space 167424K, 0% used [0x00000000f5580000,0x00000000f5580000,0x00000000ff900000)
  from space 512K, 89% used [0x00000000ff900000,0x00000000ff972510,0x00000000ff980000)
  to   space 3072K, 0% used [0x00000000ffc00000,0x00000000ffc00000,0x00000000fff00000)
 ParOldGen       total 73728K, used 30401K [0x00000000e0000000, 0x00000000e4800000, 0x00000000f5580000)
  object space 73728K, 41% used [0x00000000e0000000,0x00000000e1db0488,0x00000000e4800000)
 Metaspace       used 15953K, capacity 16332K, committed 16512K, reserved 1064960K
  class space    used 1740K, capacity 1857K, committed 1920K, reserved 1048576K
}
Event: 8071.897 GC heap before
{Heap before GC invocations=648 (full 36):
 PSYoungGen      total 167936K, used 167881K [0x00000000f5580000, 0x00000000fff00000, 0x0000000100000000)
  eden space 167424K, 100% used [0x00000000f5580000,0x00000000ff900000,0x00000000ff900000)
  from space 512K, 89% used [0x00000000ff900000,0x00000000ff972510,0x00000000ff980000)
  to   space 3072K, 0% used [0x00000000ffc00000,0x00000000ffc00000,0x00000000fff00000)
 ParOldGen       total 73728K, used 30401K [0x00000000e0000000, 0x00000000e4800000, 0x00000000f5580000)
  object space 73728K, 41% used [0x00000000e0000000,0x00000000e1db0488,0x00000000e4800000)
 Metaspace       used 15953K, capacity 16332K, committed 16512K, reserved 1064960K
  class space    used 1740K, capacity 1857K, committed 1920K, reserved 1048576K
Event: 8071.903 GC heap after
Heap after GC invocations=648 (full 36):
 PSYoungGen      total 170496K, used 914K [0x00000000f5580000, 0x0000000100000000, 0x0000000100000000)
  eden space 167424K, 0% used [0x00000000f5580000,0x00000000f5580000,0x00000000ff900000)
  from space 3072K, 29% used [0x00000000ffc00000,0x00000000ffce4a28,0x00000000fff00000)
  to   space 3072K, 0% used [0x00000000ff900000,0x00000000ff900000,0x00000000ffc00000)
 ParOldGen       total 73728K, used 30457K [0x00000000e0000000, 0x00000000e4800000, 0x00000000f5580000)
  object space 73728K, 41% used [0x00000000e0000000,0x00000000e1dbe488,0x00000000e4800000)
 Metaspace       used 15953K, capacity 16332K, committed 16512K, reserved 1064960K
  class space    used 1740K, capacity 1857K, committed 1920K, reserved 1048576K
}
Event: 8072.500 GC heap before
{Heap before GC invocations=649 (full 36):
 PSYoungGen      total 170496K, used 168338K [0x00000000f5580000, 0x0000000100000000, 0x0000000100000000)
  eden space 167424K, 100% used [0x00000000f5580000,0x00000000ff900000,0x00000000ff900000)
  from space 3072K, 29% used [0x00000000ffc00000,0x00000000ffce4a28,0x00000000fff00000)
  to   space 3072K, 0% used [0x00000000ff900000,0x00000000ff900000,0x00000000ffc00000)
 ParOldGen       total 73728K, used 30457K [0x00000000e0000000, 0x00000000e4800000, 0x00000000f5580000)
  object space 73728K, 41% used [0x00000000e0000000,0x00000000e1dbe488,0x00000000e4800000)
 Metaspace       used 15953K, capacity 16332K, committed 16512K, reserved 1064960K
  class space    used 1740K, capacity 1857K, committed 1920K, reserved 1048576K
Event: 8072.506 GC heap after
Heap after GC invocations=649 (full 36):
 PSYoungGen      total 170496K, used 449K [0x00000000f5580000, 0x0000000100000000, 0x0000000100000000)
  eden space 167424K, 0% used [0x00000000f5580000,0x00000000f5580000,0x00000000ff900000)
  from space 3072K, 14% used [0x00000000ff900000,0x00000000ff970618,0x00000000ffc00000)
  to   space 3072K, 0% used [0x00000000ffd00000,0x00000000ffd00000,0x0000000100000000)
 ParOldGen       total 73728K, used 30513K [0x00000000e0000000, 0x00000000e4800000, 0x00000000f5580000)
  object space 73728K, 41% used [0x00000000e0000000,0x00000000e1dcc488,0x00000000e4800000)
 Metaspace       used 15953K, capacity 16332K, committed 16512K, reserved 1064960K
  class space    used 1740K, capacity 1857K, committed 1920K, reserved 1048576K
}
Event: 8073.099 GC heap before
{Heap before GC invocations=650 (full 36):
 PSYoungGen      total 170496K, used 167873K [0x00000000f5580000, 0x0000000100000000, 0x0000000100000000)
  eden space 167424K, 100% used [0x00000000f5580000,0x00000000ff900000,0x00000000ff900000)
  from space 3072K, 14% used [0x00000000ff900000,0x00000000ff970618,0x00000000ffc00000)
  to   space 3072K, 0% used [0x00000000ffd00000,0x00000000ffd00000,0x0000000100000000)
 ParOldGen       total 73728K, used 30513K [0x00000000e0000000, 0x00000000e4800000, 0x00000000f5580000)
  object space 73728K, 41% used [0x00000000e0000000,0x00000000e1dcc488,0x00000000e4800000)
 Metaspace       used 15953K, capacity 16332K, committed 16512K, reserved 1064960K
  class space    used 1740K, capacity 1857K, committed 1920K, reserved 1048576K
Event: 8073.108 GC heap after
Heap after GC invocations=650 (full 36):
 PSYoungGen      total 171520K, used 509K [0x00000000f5580000, 0x0000000100000000, 0x0000000100000000)
  eden space 168448K, 0% used [0x00000000f5580000,0x00000000f5580000,0x00000000ffa00000)
  from space 3072K, 16% used [0x00000000ffd00000,0x00000000ffd7f708,0x0000000100000000)
  to   space 3072K, 0% used [0x00000000ffa00000,0x00000000ffa00000,0x00000000ffd00000)
 ParOldGen       total 73728K, used 30561K [0x00000000e0000000, 0x00000000e4800000, 0x00000000f5580000)
  object space 73728K, 41% used [0x00000000e0000000,0x00000000e1dd8488,0x00000000e4800000)
 Metaspace       used 15953K, capacity 16332K, committed 16512K, reserved 1064960K
  class space    used 1740K, capacity 1857K, committed 1920K, reserved 1048576K
}
Event: 8073.713 GC heap before
{Heap before GC invocations=651 (full 36):
 PSYoungGen      total 171520K, used 168957K [0x00000000f5580000, 0x0000000100000000, 0x0000000100000000)
  eden space 168448K, 100% used [0x00000000f5580000,0x00000000ffa00000,0x00000000ffa00000)
  from space 3072K, 16% used [0x00000000ffd00000,0x00000000ffd7f708,0x0000000100000000)
  to   space 3072K, 0% used [0x00000000ffa00000,0x00000000ffa00000,0x00000000ffd00000)
 ParOldGen       total 73728K, used 30561K [0x00000000e0000000, 0x00000000e4800000, 0x00000000f5580000)
  object space 73728K, 41% used [0x00000000e0000000,0x00000000e1dd8488,0x00000000e4800000)
 Metaspace       used 15953K, capacity 16332K, committed 16512K, reserved 1064960K
  class space    used 1740K, capacity 1857K, committed 1920K, reserved 1048576K
Event: 8073.719 GC heap after
Heap after GC invocations=651 (full 36):
 PSYoungGen      total 168960K, used 491K [0x00000000f5580000, 0x00000000fff00000, 0x0000000100000000)
  eden space 168448K, 0% used [0x00000000f5580000,0x00000000f5580000,0x00000000ffa00000)
  from space 512K, 96% used [0x00000000ffa00000,0x00000000ffa7aeb8,0x00000000ffa80000)
  to   space 2560K, 0% used [0x00000000ffc80000,0x00000000ffc80000,0x00000000fff00000)
 ParOldGen       total 73728K, used 30633K [0x00000000e0000000, 0x00000000e4800000, 0x00000000f5580000)
  object space 73728K, 41% used [0x00000000e0000000,0x00000000e1dea488,0x00000000e4800000)
 Metaspace       used 15953K, capacity 16332K, committed 16512K, reserved 1064960K
  class space    used 1740K, capacity 1857K, committed 1920K, reserved 1048576K
}

