# JRE version: OpenJDK Runtime Environment (8.0_222-b10) (build 1.8.0_222-8u222-b10-1ubuntu1~16.04.1-b10)
# Java VM: OpenJDK 64-Bit Server VM (25.222-b10 mixed mode, sharing linux-amd64 compressed oops)
Heap:
 PSYoungGen      total 123904K, used 86725K [0x00000000f5580000, 0x00000000ffb00000, 0x0000000100000000)
  eden space 122880K, 69% used [0x00000000f5580000,0x00000000fa936b38,0x00000000fcd80000)
  from space 1024K, 97% used [0x00000000ff900000,0x00000000ff9fa9a0,0x00000000ffa00000)
  to   space 1024K, 0% used [0x00000000ffa00000,0x00000000ffa00000,0x00000000ffb00000)
 ParOldGen       total 73728K, used 9641K [0x00000000e0000000, 0x00000000e4800000, 0x00000000f5580000)
  object space 73728K, 13% used [0x00000000e0000000,0x00000000e096a6f8,0x00000000e4800000)
 Metaspace       used 15599K, capacity 15894K, committed 16128K, reserved 1062912K
  class space    used 1827K, capacity 1912K, committed 2048K, reserved 1048576K
GC Heap History (10 events):
Event: 12838.418 GC heap before
{Heap before GC invocations=761 (full 8):
 PSYoungGen      total 61952K, used 61568K [0x00000000f5580000, 0x00000000ffb00000, 0x0000000100000000)
  eden space 61440K, 100% used [0x00000000f5580000,0x00000000f9180000,0x00000000f9180000)
  from space 512K, 25% used [0x00000000ffa80000,0x00000000ffaa0000,0x00000000ffb00000)
  to   space 1024K, 0% used [0x00000000ff900000,0x00000000ff900000,0x00000000ffa00000)
 ParOldGen       total 73728K, used 8552K [0x00000000e0000000, 0x00000000e4800000, 0x00000000f5580000)
  object space 73728K, 11% used [0x00000000e0000000,0x00000000e085a2b8,0x00000000e4800000)
 Metaspace       used 15456K, capacity 15716K, committed 16128K, reserved 1062912K
  class space    used 1816K, capacity 1893K, committed 2048K, reserved 1048576K
Event: 12838.422 GC heap after
Heap after GC invocations=761 (full 8):
 PSYoungGen      total 74752K, used 167K [0x00000000f5580000, 0x00000000ffb00000, 0x0000000100000000)
  eden space 73728K, 0% used [0x00000000f5580000,0x00000000f5580000,0x00000000f9d80000)
  from space 1024K, 16% used [0x00000000ff900000,0x00000000ff929e80,0x00000000ffa00000)
  to   space 512K, 0% used [0x00000000ffa80000,0x00000000ffa80000,0x00000000ffb00000)
 ParOldGen       total 73728K, used 8568K [0x00000000e0000000, 0x00000000e4800000, 0x00000000f5580000)
  object space 73728K, 11% used [0x00000000e0000000,0x00000000e085e2b8,0x00000000e4800000)
 Metaspace       used 15456K, capacity 15716K, committed 16128K, reserved 1062912K
  class space    used 1816K, capacity 1893K, committed 2048K, reserved 1048576K
}
Event: 12838.940 GC heap before
{Heap before GC invocations=762 (full 8):
 PSYoungGen      total 74752K, used 73895K [0x00000000f5580000, 0x00000000ffb00000, 0x0000000100000000)
  eden space 73728K, 100% used [0x00000000f5580000,0x00000000f9d80000,0x00000000f9d80000)
  from space 1024K, 16% used [0x00000000ff900000,0x00000000ff929e80,0x00000000ffa00000)
  to   space 512K, 0% used [0x00000000ffa80000,0x00000000ffa80000,0x00000000ffb00000)
 ParOldGen       total 73728K, used 8568K [0x00000000e0000000, 0x00000000e4800000, 0x00000000f5580000)
  object space 73728K, 11% used [0x00000000e0000000,0x00000000e085e2b8,0x00000000e4800000)
 Metaspace       used 15460K, capacity 15716K, committed 16128K, reserved 1062912K
  class space    used 1816K, capacity 1893K, committed 2048K, reserved 1048576K
Event: 12838.945 GC heap after
Heap after GC invocations=762 (full 8):
 PSYoungGen      total 89088K, used 183K [0x00000000f5580000, 0x00000000ffb00000, 0x0000000100000000)
  eden space 88576K, 0% used [0x00000000f5580000,0x00000000f5580000,0x00000000fac00000)
  from space 512K, 35% used [0x00000000ffa80000,0x00000000ffaade90,0x00000000ffb00000)
  to   space 512K, 0% used [0x00000000ffa00000,0x00000000ffa00000,0x00000000ffa80000)
 ParOldGen       total 73728K, used 8624K [0x00000000e0000000, 0x00000000e4800000, 0x00000000f5580000)
  object space 73728K, 11% used [0x00000000e0000000,0x00000000e086c138,0x00000000e4800000)
 Metaspace       used 15460K, capacity 15716K, committed 16128K, reserved 1062912K
  class space    used 1816K, capacity 1893K, committed 2048K, reserved 1048576K
}
Event: 12840.315 GC heap before
{Heap before GC invocations=763 (full 8):
 PSYoungGen      total 89088K, used 88759K [0x00000000f5580000, 0x00000000ffb00000, 0x0000000100000000)
  eden space 88576K, 100% used [0x00000000f5580000,0x00000000fac00000,0x00000000fac00000)
  from space 512K, 35% used [0x00000000ffa80000,0x00000000ffaade90,0x00000000ffb00000)
  to   space 512K, 0% used [0x00000000ffa00000,0x00000000ffa00000,0x00000000ffa80000)
 ParOldGen       total 73728K, used 8624K [0x00000000e0000000, 0x00000000e4800000, 0x00000000f5580000)
  object space 73728K, 11% used [0x00000000e0000000,0x00000000e086c138,0x00000000e4800000)
 Metaspace       used 15462K, capacity 15716K, committed 16128K, reserved 1062912K
  class space    used 1816K, capacity 1893K, committed 2048K, reserved 1048576K
Event: 12840.318 GC heap after
Heap after GC invocations=763 (full 8):
 PSYoungGen      total 107008K, used 512K [0x00000000f5580000, 0x00000000ffb00000, 0x0000000100000000)
  eden space 106496K, 0% used [0x00000000f5580000,0x00000000f5580000,0x00000000fbd80000)
  from space 512K, 100% used [0x00000000ffa00000,0x00000000ffa80000,0x00000000ffa80000)
  to   space 512K, 0% used [0x00000000ffa80000,0x00000000ffa80000,0x00000000ffb00000)
 ParOldGen       total 73728K, used 8735K [0x00000000e0000000, 0x00000000e4800000, 0x00000000f5580000)
  object space 73728K, 11% used [0x00000000e0000000,0x00000000e0887fe8,0x00000000e4800000)
 Metaspace       used 15462K, capacity 15716K, committed 16128K, reserved 1062912K
  class space    used 1816K, capacity 1893K, committed 2048K, reserved 1048576K
}
Event: 12840.726 GC heap before
{Heap before GC invocations=764 (full 8):
 PSYoungGen      total 107008K, used 107008K [0x00000000f5580000, 0x00000000ffb00000, 0x0000000100000000)
  eden space 106496K, 100% used [0x00000000f5580000,0x00000000fbd80000,0x00000000fbd80000)
  from space 512K, 100% used [0x00000000ffa00000,0x00000000ffa80000,0x00000000ffa80000)
  to   space 512K, 0% used [0x00000000ffa80000,0x00000000ffa80000,0x00000000ffb00000)
 ParOldGen       total 73728K, used 8735K [0x00000000e0000000, 0x00000000e4800000, 0x00000000f5580000)
  object space 73728K, 11% used [0x00000000e0000000,0x00000000e0887fe8,0x00000000e4800000)
 Metaspace       used 15462K, capacity 15716K, committed 16128K, reserved 1062912K
  class space    used 1816K, capacity 1893K, committed 2048K, reserved 1048576K
Event: 12840.732 GC heap after
Heap after GC invocations=764 (full 8):
 PSYoungGen      total 128512K, used 100K [0x00000000f5580000, 0x00000000ffb00000, 0x0000000100000000)
  eden space 128000K, 0% used [0x00000000f5580000,0x00000000f5580000,0x00000000fd280000)
  from space 512K, 19% used [0x00000000ffa80000,0x00000000ffa993e0,0x00000000ffb00000)
  to   space 1024K, 0% used [0x00000000ff900000,0x00000000ff900000,0x00000000ffa00000)
 ParOldGen       total 73728K, used 9136K [0x00000000e0000000, 0x00000000e4800000, 0x00000000f5580000)
  object space 73728K, 12% used [0x00000000e0000000,0x00000000e08ec020,0x00000000e4800000)
 Metaspace       used 15462K, capacity 15716K, committed 16128K, reserved 1062912K
  class space    used 1816K, capacity 1893K, committed 2048K, reserved 1048576K
}
Event: 12841.694 GC heap before
{Heap before GC invocations=765 (full 8):
 PSYoungGen      total 128512K, used 128100K [0x00000000f5580000, 0x00000000ffb00000, 0x0000000100000000)
  eden space 128000K, 100% used [0x00000000f5580000,0x00000000fd280000,0x00000000fd280000)
  from space 512K, 19% used [0x00000000ffa80000,0x00000000ffa993e0,0x00000000ffb00000)
  to   space 1024K, 0% used [0x00000000ff900000,0x00000000ff900000,0x00000000ffa00000)
 ParOldGen       total 73728K, used 9136K [0x00000000e0000000, 0x00000000e4800000, 0x00000000f5580000)
  object space 73728K, 12% used [0x00000000e0000000,0x00000000e08ec020,0x00000000e4800000)
 Metaspace       used 15591K, capacity 15894K, committed 16128K, reserved 1062912K
  class space    used 1827K, capacity 1912K, committed 2048K, reserved 1048576K
Event: 12841.698 GC heap after
Heap after GC invocations=765 (full 8):
 PSYoungGen      total 123904K, used 1002K [0x00000000f5580000, 0x00000000ffb00000, 0x0000000100000000)
  eden space 122880K, 0% used [0x00000000f5580000,0x00000000f5580000,0x00000000fcd80000)
  from space 1024K, 97% used [0x00000000ff900000,0x00000000ff9fa9a0,0x00000000ffa00000)
  to   space 1024K, 0% used [0x00000000ffa00000,0x00000000ffa00000,0x00000000ffb00000)
 ParOldGen       total 73728K, used 9641K [0x00000000e0000000, 0x00000000e4800000, 0x00000000f5580000)
  object space 73728K, 13% used [0x00000000e0000000,0x00000000e096a6f8,0x00000000e4800000)
 Metaspace       used 15591K, capacity 15894K, committed 16128K, reserved 1062912K
  class space    used 1827K, capacity 1912K, committed 2048K, reserved 1048576K
}

