# JRE version: OpenJDK Runtime Environment (8.0_222-b10) (build 1.8.0_222-8u222-b10-1ubuntu1~16.04.1-b10)
# Java VM: OpenJDK 64-Bit Server VM (25.222-b10 mixed mode, sharing linux-amd64 compressed oops)
Heap:
 PSYoungGen      total 171520K, used 11696K [0x00000000f5580000, 0x0000000100000000, 0x0000000100000000)
  eden space 168448K, 6% used [0x00000000f5580000,0x00000000f5f95208,0x00000000ffa00000)
  from space 3072K, 44% used [0x00000000ffd00000,0x00000000ffe56ea8,0x0000000100000000)
  to   space 3072K, 0% used [0x00000000ffa00000,0x00000000ffa00000,0x00000000ffd00000)
 ParOldGen       total 73728K, used 24096K [0x00000000e0000000, 0x00000000e4800000, 0x00000000f5580000)
  object space 73728K, 32% used [0x00000000e0000000,0x00000000e1788218,0x00000000e4800000)
 Metaspace       used 13732K, capacity 14044K, committed 14080K, reserved 1060864K
  class space    used 1674K, capacity 1761K, committed 1792K, reserved 1048576K
GC Heap History (10 events):
Event: 244.571 GC heap before
{Heap before GC invocations=63 (full 3):
 PSYoungGen      total 163328K, used 161915K [0x00000000f5580000, 0x0000000100000000, 0x0000000100000000)
  eden space 160256K, 100% used [0x00000000f5580000,0x00000000ff200000,0x00000000ff200000)
  from space 3072K, 54% used [0x00000000ff200000,0x00000000ff39ee48,0x00000000ff500000)
  to   space 3072K, 0% used [0x00000000ffd00000,0x00000000ffd00000,0x0000000100000000)
 ParOldGen       total 73728K, used 23560K [0x00000000e0000000, 0x00000000e4800000, 0x00000000f5580000)
  object space 73728K, 31% used [0x00000000e0000000,0x00000000e1702218,0x00000000e4800000)
 Metaspace       used 13717K, capacity 14044K, committed 14080K, reserved 1060864K
  class space    used 1674K, capacity 1761K, committed 1792K, reserved 1048576K
Event: 244.584 GC heap after
Heap after GC invocations=63 (full 3):
 PSYoungGen      total 170496K, used 2312K [0x00000000f5580000, 0x0000000100000000, 0x0000000100000000)
  eden space 167424K, 0% used [0x00000000f5580000,0x00000000f5580000,0x00000000ff900000)
  from space 3072K, 75% used [0x00000000ffd00000,0x00000000fff42100,0x0000000100000000)
  to   space 3584K, 0% used [0x00000000ff900000,0x00000000ff900000,0x00000000ffc80000)
 ParOldGen       total 73728K, used 23720K [0x00000000e0000000, 0x00000000e4800000, 0x00000000f5580000)
  object space 73728K, 32% used [0x00000000e0000000,0x00000000e172a218,0x00000000e4800000)
 Metaspace       used 13717K, capacity 14044K, committed 14080K, reserved 1060864K
  class space    used 1674K, capacity 1761K, committed 1792K, reserved 1048576K
}
Event: 245.323 GC heap before
{Heap before GC invocations=64 (full 3):
 PSYoungGen      total 170496K, used 169736K [0x00000000f5580000, 0x0000000100000000, 0x0000000100000000)
  eden space 167424K, 100% used [0x00000000f5580000,0x00000000ff900000,0x00000000ff900000)
  from space 3072K, 75% used [0x00000000ffd00000,0x00000000fff42100,0x0000000100000000)
  to   space 3584K, 0% used [0x00000000ff900000,0x00000000ff900000,0x00000000ffc80000)
 ParOldGen       total 73728K, used 23720K [0x00000000e0000000, 0x00000000e4800000, 0x00000000f5580000)
  object space 73728K, 32% used [0x00000000e0000000,0x00000000e172a218,0x00000000e4800000)
 Metaspace       used 13725K, capacity 14044K, committed 14080K, reserved 1060864K
  class space    used 1674K, capacity 1761K, committed 1792K, reserved 1048576K
Event: 245.328 GC heap after
Heap after GC invocations=64 (full 3):
 PSYoungGen      total 171008K, used 732K [0x00000000f5580000, 0x00000000fff80000, 0x0000000100000000)
  eden space 167424K, 0% used [0x00000000f5580000,0x00000000f5580000,0x00000000ff900000)
  from space 3584K, 20% used [0x00000000ff900000,0x00000000ff9b7288,0x00000000ffc80000)
  to   space 3072K, 0% used [0x00000000ffc80000,0x00000000ffc80000,0x00000000fff80000)
 ParOldGen       total 73728K, used 23840K [0x00000000e0000000, 0x00000000e4800000, 0x00000000f5580000)
  object space 73728K, 32% used [0x00000000e0000000,0x00000000e1748218,0x00000000e4800000)
 Metaspace       used 13725K, capacity 14044K, committed 14080K, reserved 1060864K
  class space    used 1674K, capacity 1761K, committed 1792K, reserved 1048576K
}
Event: 246.080 GC heap before
{Heap before GC invocations=65 (full 3):
 PSYoungGen      total 171008K, used 168156K [0x00000000f5580000, 0x00000000fff80000, 0x0000000100000000)
  eden space 167424K, 100% used [0x00000000f5580000,0x00000000ff900000,0x00000000ff900000)
  from space 3584K, 20% used [0x00000000ff900000,0x00000000ff9b7288,0x00000000ffc80000)
  to   space 3072K, 0% used [0x00000000ffc80000,0x00000000ffc80000,0x00000000fff80000)
 ParOldGen       total 73728K, used 23840K [0x00000000e0000000, 0x00000000e4800000, 0x00000000f5580000)
  object space 73728K, 32% used [0x00000000e0000000,0x00000000e1748218,0x00000000e4800000)
 Metaspace       used 13725K, capacity 14044K, committed 14080K, reserved 1060864K
  class space    used 1674K, capacity 1761K, committed 1792K, reserved 1048576K
Event: 246.094 GC heap after
Heap after GC invocations=65 (full 3):
 PSYoungGen      total 171008K, used 803K [0x00000000f5580000, 0x00000000fff80000, 0x0000000100000000)
  eden space 167936K, 0% used [0x00000000f5580000,0x00000000f5580000,0x00000000ff980000)
  from space 3072K, 26% used [0x00000000ffc80000,0x00000000ffd48d78,0x00000000fff80000)
  to   space 3072K, 0% used [0x00000000ff980000,0x00000000ff980000,0x00000000ffc80000)
 ParOldGen       total 73728K, used 23944K [0x00000000e0000000, 0x00000000e4800000, 0x00000000f5580000)
  object space 73728K, 32% used [0x00000000e0000000,0x00000000e1762218,0x00000000e4800000)
 Metaspace       used 13725K, capacity 14044K, committed 14080K, reserved 1060864K
  class space    used 1674K, capacity 1761K, committed 1792K, reserved 1048576K
}
Event: 246.753 GC heap before
{Heap before GC invocations=66 (full 3):
 PSYoungGen      total 171008K, used 168739K [0x00000000f5580000, 0x00000000fff80000, 0x0000000100000000)
  eden space 167936K, 100% used [0x00000000f5580000,0x00000000ff980000,0x00000000ff980000)
  from space 3072K, 26% used [0x00000000ffc80000,0x00000000ffd48d78,0x00000000fff80000)
  to   space 3072K, 0% used [0x00000000ff980000,0x00000000ff980000,0x00000000ffc80000)
 ParOldGen       total 73728K, used 23944K [0x00000000e0000000, 0x00000000e4800000, 0x00000000f5580000)
  object space 73728K, 32% used [0x00000000e0000000,0x00000000e1762218,0x00000000e4800000)
 Metaspace       used 13725K, capacity 14044K, committed 14080K, reserved 1060864K
  class space    used 1674K, capacity 1761K, committed 1792K, reserved 1048576K
Event: 246.759 GC heap after
Heap after GC invocations=66 (full 3):
 PSYoungGen      total 171008K, used 403K [0x00000000f5580000, 0x0000000100000000, 0x0000000100000000)
  eden space 167936K, 0% used [0x00000000f5580000,0x00000000f5580000,0x00000000ff980000)
  from space 3072K, 13% used [0x00000000ff980000,0x00000000ff9e4c40,0x00000000ffc80000)
  to   space 3072K, 0% used [0x00000000ffd00000,0x00000000ffd00000,0x0000000100000000)
 ParOldGen       total 73728K, used 24016K [0x00000000e0000000, 0x00000000e4800000, 0x00000000f5580000)
  object space 73728K, 32% used [0x00000000e0000000,0x00000000e1774218,0x00000000e4800000)
 Metaspace       used 13725K, capacity 14044K, committed 14080K, reserved 1060864K
  class space    used 1674K, capacity 1761K, committed 1792K, reserved 1048576K
}
Event: 249.342 GC heap before
{Heap before GC invocations=67 (full 3):
 PSYoungGen      total 171008K, used 168339K [0x00000000f5580000, 0x0000000100000000, 0x0000000100000000)
  eden space 167936K, 100% used [0x00000000f5580000,0x00000000ff980000,0x00000000ff980000)
  from space 3072K, 13% used [0x00000000ff980000,0x00000000ff9e4c40,0x00000000ffc80000)
  to   space 3072K, 0% used [0x00000000ffd00000,0x00000000ffd00000,0x0000000100000000)
 ParOldGen       total 73728K, used 24016K [0x00000000e0000000, 0x00000000e4800000, 0x00000000f5580000)
  object space 73728K, 32% used [0x00000000e0000000,0x00000000e1774218,0x00000000e4800000)
 Metaspace       used 13732K, capacity 14044K, committed 14080K, reserved 1060864K
  class space    used 1674K, capacity 1761K, committed 1792K, reserved 1048576K
Event: 249.352 GC heap after
Heap after GC invocations=67 (full 3):
 PSYoungGen      total 171520K, used 1371K [0x00000000f5580000, 0x0000000100000000, 0x0000000100000000)
  eden space 168448K, 0% used [0x00000000f5580000,0x00000000f5580000,0x00000000ffa00000)
  from space 3072K, 44% used [0x00000000ffd00000,0x00000000ffe56ea8,0x0000000100000000)
  to   space 3072K, 0% used [0x00000000ffa00000,0x00000000ffa00000,0x00000000ffd00000)
 ParOldGen       total 73728K, used 24096K [0x00000000e0000000, 0x00000000e4800000, 0x00000000f5580000)
  object space 73728K, 32% used [0x00000000e0000000,0x00000000e1788218,0x00000000e4800000)
 Metaspace       used 13732K, capacity 14044K, committed 14080K, reserved 1060864K
  class space    used 1674K, capacity 1761K, committed 1792K, reserved 1048576K
}

