# JRE version: OpenJDK Runtime Environment (8.0_222-b10) (build 1.8.0_222-8u222-b10-1ubuntu1~16.04.1-b10)
# Java VM: OpenJDK 64-Bit Server VM (25.222-b10 mixed mode, sharing linux-amd64 compressed oops)
Heap:
 PSYoungGen      total 135168K, used 38970K [0x00000000f5580000, 0x00000000ffa80000, 0x0000000100000000)
  eden space 133120K, 27% used [0x00000000f5580000,0x00000000f7998590,0x00000000fd780000)
  from space 2048K, 98% used [0x00000000ff700000,0x00000000ff8f6380,0x00000000ff900000)
  to   space 1536K, 0% used [0x00000000ff900000,0x00000000ff900000,0x00000000ffa80000)
 ParOldGen       total 73728K, used 12543K [0x00000000e0000000, 0x00000000e4800000, 0x00000000f5580000)
  object space 73728K, 17% used [0x00000000e0000000,0x00000000e0c3fdc0,0x00000000e4800000)
 Metaspace       used 15248K, capacity 15594K, committed 15744K, reserved 1062912K
  class space    used 1708K, capacity 1788K, committed 1920K, reserved 1048576K
GC Heap History (10 events):
Event: 15645.541 GC heap before
{Heap before GC invocations=551 (full 16):
 PSYoungGen      total 165376K, used 163840K [0x00000000f5580000, 0x00000000ffe80000, 0x0000000100000000)
  eden space 163840K, 100% used [0x00000000f5580000,0x00000000ff580000,0x00000000ff580000)
  from space 1536K, 0% used [0x00000000ffd00000,0x00000000ffd00000,0x00000000ffe80000)
  to   space 2048K, 0% used [0x00000000ffa80000,0x00000000ffa80000,0x00000000ffc80000)
 ParOldGen       total 73728K, used 11678K [0x00000000e0000000, 0x00000000e4800000, 0x00000000f5580000)
  object space 73728K, 15% used [0x00000000e0000000,0x00000000e0b67910,0x00000000e4800000)
 Metaspace       used 15213K, capacity 15530K, committed 15744K, reserved 1062912K
  class space    used 1707K, capacity 1788K, committed 1920K, reserved 1048576K
Event: 15645.545 GC heap after
Heap after GC invocations=551 (full 16):
 PSYoungGen      total 158208K, used 528K [0x00000000f5580000, 0x00000000ffd80000, 0x0000000100000000)
  eden space 157184K, 0% used [0x00000000f5580000,0x00000000f5580000,0x00000000fef00000)
  from space 1024K, 51% used [0x00000000ffa80000,0x00000000ffb04010,0x00000000ffb80000)
  to   space 2048K, 0% used [0x00000000ffb80000,0x00000000ffb80000,0x00000000ffd80000)
 ParOldGen       total 73728K, used 11678K [0x00000000e0000000, 0x00000000e4800000, 0x00000000f5580000)
  object space 73728K, 15% used [0x00000000e0000000,0x00000000e0b67910,0x00000000e4800000)
 Metaspace       used 15213K, capacity 15530K, committed 15744K, reserved 1062912K
  class space    used 1707K, capacity 1788K, committed 1920K, reserved 1048576K
}
Event: 15646.473 GC heap before
{Heap before GC invocations=552 (full 16):
 PSYoungGen      total 158208K, used 157712K [0x00000000f5580000, 0x00000000ffd80000, 0x0000000100000000)
  eden space 157184K, 100% used [0x00000000f5580000,0x00000000fef00000,0x00000000fef00000)
  from space 1024K, 51% used [0x00000000ffa80000,0x00000000ffb04010,0x00000000ffb80000)
  to   space 2048K, 0% used [0x00000000ffb80000,0x00000000ffb80000,0x00000000ffd80000)
 ParOldGen       total 73728K, used 11678K [0x00000000e0000000, 0x00000000e4800000, 0x00000000f5580000)
  object space 73728K, 15% used [0x00000000e0000000,0x00000000e0b67910,0x00000000e4800000)
 Metaspace       used 15213K, capacity 15530K, committed 15744K, reserved 1062912K
  class space    used 1707K, capacity 1788K, committed 1920K, reserved 1048576K
Event: 15646.480 GC heap after
Heap after GC invocations=552 (full 16):
 PSYoungGen      total 151040K, used 213K [0x00000000f5580000, 0x00000000ffc00000, 0x0000000100000000)
  eden space 150528K, 0% used [0x00000000f5580000,0x00000000f5580000,0x00000000fe880000)
  from space 512K, 41% used [0x00000000ffb80000,0x00000000ffbb5430,0x00000000ffc00000)
  to   space 2048K, 0% used [0x00000000ff800000,0x00000000ff800000,0x00000000ffa00000)
 ParOldGen       total 73728K, used 11766K [0x00000000e0000000, 0x00000000e4800000, 0x00000000f5580000)
  object space 73728K, 15% used [0x00000000e0000000,0x00000000e0b7d950,0x00000000e4800000)
 Metaspace       used 15213K, capacity 15530K, committed 15744K, reserved 1062912K
  class space    used 1707K, capacity 1788K, committed 1920K, reserved 1048576K
}
Event: 15648.074 GC heap before
{Heap before GC invocations=553 (full 16):
 PSYoungGen      total 151040K, used 150741K [0x00000000f5580000, 0x00000000ffc00000, 0x0000000100000000)
  eden space 150528K, 100% used [0x00000000f5580000,0x00000000fe880000,0x00000000fe880000)
  from space 512K, 41% used [0x00000000ffb80000,0x00000000ffbb5430,0x00000000ffc00000)
  to   space 2048K, 0% used [0x00000000ff800000,0x00000000ff800000,0x00000000ffa00000)
 ParOldGen       total 73728K, used 11766K [0x00000000e0000000, 0x00000000e4800000, 0x00000000f5580000)
  object space 73728K, 15% used [0x00000000e0000000,0x00000000e0b7d950,0x00000000e4800000)
 Metaspace       used 15215K, capacity 15530K, committed 15744K, reserved 1062912K
  class space    used 1708K, capacity 1788K, committed 1920K, reserved 1048576K
Event: 15648.077 GC heap after
Heap after GC invocations=553 (full 16):
 PSYoungGen      total 146432K, used 528K [0x00000000f5580000, 0x00000000ffc00000, 0x0000000100000000)
  eden space 144384K, 0% used [0x00000000f5580000,0x00000000f5580000,0x00000000fe280000)
  from space 2048K, 25% used [0x00000000ff800000,0x00000000ff884010,0x00000000ffa00000)
  to   space 2048K, 0% used [0x00000000ffa00000,0x00000000ffa00000,0x00000000ffc00000)
 ParOldGen       total 73728K, used 11859K [0x00000000e0000000, 0x00000000e4800000, 0x00000000f5580000)
  object space 73728K, 16% used [0x00000000e0000000,0x00000000e0b94d70,0x00000000e4800000)
 Metaspace       used 15215K, capacity 15530K, committed 15744K, reserved 1062912K
  class space    used 1708K, capacity 1788K, committed 1920K, reserved 1048576K
}
Event: 15648.447 GC heap before
{Heap before GC invocations=554 (full 16):
 PSYoungGen      total 146432K, used 144912K [0x00000000f5580000, 0x00000000ffc00000, 0x0000000100000000)
  eden space 144384K, 100% used [0x00000000f5580000,0x00000000fe280000,0x00000000fe280000)
  from space 2048K, 25% used [0x00000000ff800000,0x00000000ff884010,0x00000000ffa00000)
  to   space 2048K, 0% used [0x00000000ffa00000,0x00000000ffa00000,0x00000000ffc00000)
 ParOldGen       total 73728K, used 11859K [0x00000000e0000000, 0x00000000e4800000, 0x00000000f5580000)
  object space 73728K, 16% used [0x00000000e0000000,0x00000000e0b94d70,0x00000000e4800000)
 Metaspace       used 15215K, capacity 15530K, committed 15744K, reserved 1062912K
  class space    used 1708K, capacity 1788K, committed 1920K, reserved 1048576K
Event: 15648.451 GC heap after
Heap after GC invocations=554 (full 16):
 PSYoungGen      total 139776K, used 645K [0x00000000f5580000, 0x00000000ffb00000, 0x0000000100000000)
  eden space 138752K, 0% used [0x00000000f5580000,0x00000000f5580000,0x00000000fdd00000)
  from space 1024K, 63% used [0x00000000ffa00000,0x00000000ffaa14e0,0x00000000ffb00000)
  to   space 2048K, 0% used [0x00000000ff700000,0x00000000ff700000,0x00000000ff900000)
 ParOldGen       total 73728K, used 11931K [0x00000000e0000000, 0x00000000e4800000, 0x00000000f5580000)
  object space 73728K, 16% used [0x00000000e0000000,0x00000000e0ba6db0,0x00000000e4800000)
 Metaspace       used 15215K, capacity 15530K, committed 15744K, reserved 1062912K
  class space    used 1708K, capacity 1788K, committed 1920K, reserved 1048576K
}
Event: 15650.716 GC heap before
{Heap before GC invocations=555 (full 16):
 PSYoungGen      total 139776K, used 139397K [0x00000000f5580000, 0x00000000ffb00000, 0x0000000100000000)
  eden space 138752K, 100% used [0x00000000f5580000,0x00000000fdd00000,0x00000000fdd00000)
  from space 1024K, 63% used [0x00000000ffa00000,0x00000000ffaa14e0,0x00000000ffb00000)
  to   space 2048K, 0% used [0x00000000ff700000,0x00000000ff700000,0x00000000ff900000)
 ParOldGen       total 73728K, used 11931K [0x00000000e0000000, 0x00000000e4800000, 0x00000000f5580000)
  object space 73728K, 16% used [0x00000000e0000000,0x00000000e0ba6db0,0x00000000e4800000)
 Metaspace       used 15247K, capacity 15594K, committed 15744K, reserved 1062912K
  class space    used 1708K, capacity 1788K, committed 1920K, reserved 1048576K
Event: 15650.731 GC heap after
Heap after GC invocations=555 (full 16):
 PSYoungGen      total 135168K, used 2008K [0x00000000f5580000, 0x00000000ffa80000, 0x0000000100000000)
  eden space 133120K, 0% used [0x00000000f5580000,0x00000000f5580000,0x00000000fd780000)
  from space 2048K, 98% used [0x00000000ff700000,0x00000000ff8f6380,0x00000000ff900000)
  to   space 1536K, 0% used [0x00000000ff900000,0x00000000ff900000,0x00000000ffa80000)
 ParOldGen       total 73728K, used 12543K [0x00000000e0000000, 0x00000000e4800000, 0x00000000f5580000)
  object space 73728K, 17% used [0x00000000e0000000,0x00000000e0c3fdc0,0x00000000e4800000)
 Metaspace       used 15247K, capacity 15594K, committed 15744K, reserved 1062912K
  class space    used 1708K, capacity 1788K, committed 1920K, reserved 1048576K
}

