# JRE version: OpenJDK Runtime Environment (8.0_212-b03) (build 1.8.0_212-8u212-b03-0ubuntu1.16.04.1-b03)
# Java VM: OpenJDK 64-Bit Server VM (25.212-b03 mixed mode, sharing linux-amd64 compressed oops)
Heap:
 PSYoungGen      total 169984K, used 158646K [0x00000000f5580000, 0x00000000fff00000, 0x0000000100000000)
  eden space 169472K, 93% used [0x00000000f5580000,0x00000000ff008ce0,0x00000000ffb00000)
  from space 512K, 78% used [0x00000000ffb00000,0x00000000ffb64b48,0x00000000ffb80000)
  to   space 2048K, 0% used [0x00000000ffd00000,0x00000000ffd00000,0x00000000fff00000)
 ParOldGen       total 73728K, used 22572K [0x00000000e0000000, 0x00000000e4800000, 0x00000000f5580000)
  object space 73728K, 30% used [0x00000000e0000000,0x00000000e160b130,0x00000000e4800000)
 Metaspace       used 16005K, capacity 16326K, committed 16640K, reserved 1064960K
  class space    used 1907K, capacity 2010K, committed 2048K, reserved 1048576K
GC Heap History (10 events):
Event: 45736.537 GC heap before
{Heap before GC invocations=107 (full 8):
 PSYoungGen      total 148480K, used 145632K [0x00000000f5580000, 0x00000000ff600000, 0x0000000100000000)
  eden space 145408K, 100% used [0x00000000f5580000,0x00000000fe380000,0x00000000fe380000)
  from space 3072K, 7% used [0x00000000fe680000,0x00000000fe6b8000,0x00000000fe980000)
  to   space 3072K, 0% used [0x00000000fe380000,0x00000000fe380000,0x00000000fe680000)
 ParOldGen       total 73728K, used 22263K [0x00000000e0000000, 0x00000000e4800000, 0x00000000f5580000)
  object space 73728K, 30% used [0x00000000e0000000,0x00000000e15bde38,0x00000000e4800000)
 Metaspace       used 15940K, capacity 16262K, committed 16384K, reserved 1062912K
  class space    used 1907K, capacity 2010K, committed 2048K, reserved 1048576K
Event: 45736.541 GC heap after
Heap after GC invocations=107 (full 8):
 PSYoungGen      total 148480K, used 96K [0x00000000f5580000, 0x00000000fff00000, 0x0000000100000000)
  eden space 145408K, 0% used [0x00000000f5580000,0x00000000f5580000,0x00000000fe380000)
  from space 3072K, 3% used [0x00000000fe380000,0x00000000fe398000,0x00000000fe680000)
  to   space 2560K, 0% used [0x00000000ffc80000,0x00000000ffc80000,0x00000000fff00000)
 ParOldGen       total 73728K, used 22404K [0x00000000e0000000, 0x00000000e4800000, 0x00000000f5580000)
  object space 73728K, 30% used [0x00000000e0000000,0x00000000e15e13e0,0x00000000e4800000)
 Metaspace       used 15940K, capacity 16262K, committed 16384K, reserved 1062912K
  class space    used 1907K, capacity 2010K, committed 2048K, reserved 1048576K
}
Event: 45736.995 GC heap before
{Heap before GC invocations=108 (full 8):
 PSYoungGen      total 148480K, used 145504K [0x00000000f5580000, 0x00000000fff00000, 0x0000000100000000)
  eden space 145408K, 100% used [0x00000000f5580000,0x00000000fe380000,0x00000000fe380000)
  from space 3072K, 3% used [0x00000000fe380000,0x00000000fe398000,0x00000000fe680000)
  to   space 2560K, 0% used [0x00000000ffc80000,0x00000000ffc80000,0x00000000fff00000)
 ParOldGen       total 73728K, used 22404K [0x00000000e0000000, 0x00000000e4800000, 0x00000000f5580000)
  object space 73728K, 30% used [0x00000000e0000000,0x00000000e15e13e0,0x00000000e4800000)
 Metaspace       used 15940K, capacity 16262K, committed 16384K, reserved 1062912K
  class space    used 1907K, capacity 2010K, committed 2048K, reserved 1048576K
Event: 45737.004 GC heap after
Heap after GC invocations=108 (full 8):
 PSYoungGen      total 171008K, used 32K [0x00000000f5580000, 0x00000000fff80000, 0x0000000100000000)
  eden space 168448K, 0% used [0x00000000f5580000,0x00000000f5580000,0x00000000ffa00000)
  from space 2560K, 1% used [0x00000000ffc80000,0x00000000ffc88000,0x00000000fff00000)
  to   space 2560K, 0% used [0x00000000ffa00000,0x00000000ffa00000,0x00000000ffc80000)
 ParOldGen       total 73728K, used 22404K [0x00000000e0000000, 0x00000000e4800000, 0x00000000f5580000)
  object space 73728K, 30% used [0x00000000e0000000,0x00000000e15e13e0,0x00000000e4800000)
 Metaspace       used 15940K, capacity 16262K, committed 16384K, reserved 1062912K
  class space    used 1907K, capacity 2010K, committed 2048K, reserved 1048576K
}
Event: 45737.648 GC heap before
{Heap before GC invocations=109 (full 8):
 PSYoungGen      total 171008K, used 168480K [0x00000000f5580000, 0x00000000fff80000, 0x0000000100000000)
  eden space 168448K, 100% used [0x00000000f5580000,0x00000000ffa00000,0x00000000ffa00000)
  from space 2560K, 1% used [0x00000000ffc80000,0x00000000ffc88000,0x00000000fff00000)
  to   space 2560K, 0% used [0x00000000ffa00000,0x00000000ffa00000,0x00000000ffc80000)
 ParOldGen       total 73728K, used 22404K [0x00000000e0000000, 0x00000000e4800000, 0x00000000f5580000)
  object space 73728K, 30% used [0x00000000e0000000,0x00000000e15e13e0,0x00000000e4800000)
 Metaspace       used 15941K, capacity 16262K, committed 16384K, reserved 1062912K
  class space    used 1907K, capacity 2010K, committed 2048K, reserved 1048576K
Event: 45737.651 GC heap after
Heap after GC invocations=109 (full 8):
 PSYoungGen      total 171008K, used 256K [0x00000000f5580000, 0x0000000100000000, 0x0000000100000000)
  eden space 168448K, 0% used [0x00000000f5580000,0x00000000f5580000,0x00000000ffa00000)
  from space 2560K, 10% used [0x00000000ffa00000,0x00000000ffa40000,0x00000000ffc80000)
  to   space 2560K, 0% used [0x00000000ffd80000,0x00000000ffd80000,0x0000000100000000)
 ParOldGen       total 73728K, used 22404K [0x00000000e0000000, 0x00000000e4800000, 0x00000000f5580000)
  object space 73728K, 30% used [0x00000000e0000000,0x00000000e15e13e0,0x00000000e4800000)
 Metaspace       used 15941K, capacity 16262K, committed 16384K, reserved 1062912K
  class space    used 1907K, capacity 2010K, committed 2048K, reserved 1048576K
}
Event: 45738.212 GC heap before
{Heap before GC invocations=110 (full 8):
 PSYoungGen      total 171008K, used 168704K [0x00000000f5580000, 0x0000000100000000, 0x0000000100000000)
  eden space 168448K, 100% used [0x00000000f5580000,0x00000000ffa00000,0x00000000ffa00000)
  from space 2560K, 10% used [0x00000000ffa00000,0x00000000ffa40000,0x00000000ffc80000)
  to   space 2560K, 0% used [0x00000000ffd80000,0x00000000ffd80000,0x0000000100000000)
 ParOldGen       total 73728K, used 22404K [0x00000000e0000000, 0x00000000e4800000, 0x00000000f5580000)
  object space 73728K, 30% used [0x00000000e0000000,0x00000000e15e13e0,0x00000000e4800000)
 Metaspace       used 15941K, capacity 16262K, committed 16384K, reserved 1062912K
  class space    used 1907K, capacity 2010K, committed 2048K, reserved 1048576K
Event: 45738.219 GC heap after
Heap after GC invocations=110 (full 8):
 PSYoungGen      total 172032K, used 64K [0x00000000f5580000, 0x0000000100000000, 0x0000000100000000)
  eden space 169472K, 0% used [0x00000000f5580000,0x00000000f5580000,0x00000000ffb00000)
  from space 2560K, 2% used [0x00000000ffd80000,0x00000000ffd90000,0x0000000100000000)
  to   space 2560K, 0% used [0x00000000ffb00000,0x00000000ffb00000,0x00000000ffd80000)
 ParOldGen       total 73728K, used 22572K [0x00000000e0000000, 0x00000000e4800000, 0x00000000f5580000)
  object space 73728K, 30% used [0x00000000e0000000,0x00000000e160b130,0x00000000e4800000)
 Metaspace       used 15941K, capacity 16262K, committed 16384K, reserved 1062912K
  class space    used 1907K, capacity 2010K, committed 2048K, reserved 1048576K
}
Event: 46393.847 GC heap before
{Heap before GC invocations=111 (full 8):
 PSYoungGen      total 172032K, used 169536K [0x00000000f5580000, 0x0000000100000000, 0x0000000100000000)
  eden space 169472K, 100% used [0x00000000f5580000,0x00000000ffb00000,0x00000000ffb00000)
  from space 2560K, 2% used [0x00000000ffd80000,0x00000000ffd90000,0x0000000100000000)
  to   space 2560K, 0% used [0x00000000ffb00000,0x00000000ffb00000,0x00000000ffd80000)
 ParOldGen       total 73728K, used 22572K [0x00000000e0000000, 0x00000000e4800000, 0x00000000f5580000)
  object space 73728K, 30% used [0x00000000e0000000,0x00000000e160b130,0x00000000e4800000)
 Metaspace       used 15965K, capacity 16326K, committed 16640K, reserved 1064960K
  class space    used 1907K, capacity 2010K, committed 2048K, reserved 1048576K
Event: 46393.860 GC heap after
Heap after GC invocations=111 (full 8):
 PSYoungGen      total 169984K, used 402K [0x00000000f5580000, 0x00000000fff00000, 0x0000000100000000)
  eden space 169472K, 0% used [0x00000000f5580000,0x00000000f5580000,0x00000000ffb00000)
  from space 512K, 78% used [0x00000000ffb00000,0x00000000ffb64b48,0x00000000ffb80000)
  to   space 2048K, 0% used [0x00000000ffd00000,0x00000000ffd00000,0x00000000fff00000)
 ParOldGen       total 73728K, used 22572K [0x00000000e0000000, 0x00000000e4800000, 0x00000000f5580000)
  object space 73728K, 30% used [0x00000000e0000000,0x00000000e160b130,0x00000000e4800000)
 Metaspace       used 15965K, capacity 16326K, committed 16640K, reserved 1064960K
  class space    used 1907K, capacity 2010K, committed 2048K, reserved 1048576K
}

