# JRE version: OpenJDK Runtime Environment (8.0_222-b10) (build 1.8.0_222-8u222-b10-1ubuntu1~16.04.1-b10)
# Java VM: OpenJDK 64-Bit Server VM (25.222-b10 mixed mode, sharing linux-amd64 compressed oops)
Heap:
 PSYoungGen      total 154624K, used 115974K [0x00000000f5580000, 0x00000000ffc80000, 0x0000000100000000)
  eden space 153600K, 75% used [0x00000000f5580000,0x00000000fc631b48,0x00000000feb80000)
  from space 1024K, 56% used [0x00000000ffb80000,0x00000000ffc10000,0x00000000ffc80000)
  to   space 4608K, 0% used [0x00000000ff380000,0x00000000ff380000,0x00000000ff800000)
 ParOldGen       total 73728K, used 22615K [0x00000000e0000000, 0x00000000e4800000, 0x00000000f5580000)
  object space 73728K, 30% used [0x00000000e0000000,0x00000000e1615dc8,0x00000000e4800000)
 Metaspace       used 15079K, capacity 15346K, committed 15744K, reserved 1062912K
  class space    used 1706K, capacity 1788K, committed 1920K, reserved 1048576K
GC Heap History (10 events):
Event: 12279.584 GC heap before
{Heap before GC invocations=743 (full 19):
 PSYoungGen      total 160768K, used 160320K [0x00000000f5580000, 0x00000000ffe00000, 0x0000000100000000)
  eden space 159744K, 100% used [0x00000000f5580000,0x00000000ff180000,0x00000000ff180000)
  from space 1024K, 56% used [0x00000000ff800000,0x00000000ff890000,0x00000000ff900000)
  to   space 3584K, 0% used [0x00000000ffa80000,0x00000000ffa80000,0x00000000ffe00000)
 ParOldGen       total 73728K, used 17666K [0x00000000e0000000, 0x00000000e4800000, 0x00000000f5580000)
  object space 73728K, 23% used [0x00000000e0000000,0x00000000e1140ad0,0x00000000e4800000)
 Metaspace       used 15031K, capacity 15346K, committed 15744K, reserved 1062912K
  class space    used 1706K, capacity 1788K, committed 1920K, reserved 1048576K
Event: 12279.588 GC heap after
Heap after GC invocations=743 (full 19):
 PSYoungGen      total 153600K, used 294K [0x00000000f5580000, 0x00000000ffb00000, 0x0000000100000000)
  eden space 153088K, 0% used [0x00000000f5580000,0x00000000f5580000,0x00000000feb00000)
  from space 512K, 57% used [0x00000000ffa80000,0x00000000ffac9a80,0x00000000ffb00000)
  to   space 3584K, 0% used [0x00000000ff400000,0x00000000ff400000,0x00000000ff780000)
 ParOldGen       total 73728K, used 17770K [0x00000000e0000000, 0x00000000e4800000, 0x00000000f5580000)
  object space 73728K, 24% used [0x00000000e0000000,0x00000000e115ab10,0x00000000e4800000)
 Metaspace       used 15031K, capacity 15346K, committed 15744K, reserved 1062912K
  class space    used 1706K, capacity 1788K, committed 1920K, reserved 1048576K
}
Event: 12281.092 GC heap before
{Heap before GC invocations=744 (full 19):
 PSYoungGen      total 153600K, used 153382K [0x00000000f5580000, 0x00000000ffb00000, 0x0000000100000000)
  eden space 153088K, 100% used [0x00000000f5580000,0x00000000feb00000,0x00000000feb00000)
  from space 512K, 57% used [0x00000000ffa80000,0x00000000ffac9a80,0x00000000ffb00000)
  to   space 3584K, 0% used [0x00000000ff400000,0x00000000ff400000,0x00000000ff780000)
 ParOldGen       total 73728K, used 17770K [0x00000000e0000000, 0x00000000e4800000, 0x00000000f5580000)
  object space 73728K, 24% used [0x00000000e0000000,0x00000000e115ab10,0x00000000e4800000)
 Metaspace       used 15033K, capacity 15346K, committed 15744K, reserved 1062912K
  class space    used 1706K, capacity 1788K, committed 1920K, reserved 1048576K
Event: 12281.095 GC heap after
Heap after GC invocations=744 (full 19):
 PSYoungGen      total 150528K, used 548K [0x00000000f5580000, 0x00000000ffb00000, 0x0000000100000000)
  eden space 146944K, 0% used [0x00000000f5580000,0x00000000f5580000,0x00000000fe500000)
  from space 3584K, 15% used [0x00000000ff400000,0x00000000ff4893c0,0x00000000ff780000)
  to   space 3584K, 0% used [0x00000000ff780000,0x00000000ff780000,0x00000000ffb00000)
 ParOldGen       total 73728K, used 17865K [0x00000000e0000000, 0x00000000e4800000, 0x00000000f5580000)
  object space 73728K, 24% used [0x00000000e0000000,0x00000000e1172570,0x00000000e4800000)
 Metaspace       used 15033K, capacity 15346K, committed 15744K, reserved 1062912K
  class space    used 1706K, capacity 1788K, committed 1920K, reserved 1048576K
}
Event: 12281.476 GC heap before
{Heap before GC invocations=745 (full 19):
 PSYoungGen      total 150528K, used 147492K [0x00000000f5580000, 0x00000000ffb00000, 0x0000000100000000)
  eden space 146944K, 100% used [0x00000000f5580000,0x00000000fe500000,0x00000000fe500000)
  from space 3584K, 15% used [0x00000000ff400000,0x00000000ff4893c0,0x00000000ff780000)
  to   space 3584K, 0% used [0x00000000ff780000,0x00000000ff780000,0x00000000ffb00000)
 ParOldGen       total 73728K, used 17865K [0x00000000e0000000, 0x00000000e4800000, 0x00000000f5580000)
  object space 73728K, 24% used [0x00000000e0000000,0x00000000e1172570,0x00000000e4800000)
 Metaspace       used 15033K, capacity 15346K, committed 15744K, reserved 1062912K
  class space    used 1706K, capacity 1788K, committed 1920K, reserved 1048576K
Event: 12281.480 GC heap after
Heap after GC invocations=745 (full 19):
 PSYoungGen      total 142336K, used 1208K [0x00000000f5580000, 0x00000000ff900000, 0x0000000100000000)
  eden space 140800K, 0% used [0x00000000f5580000,0x00000000f5580000,0x00000000fdf00000)
  from space 1536K, 78% used [0x00000000ff780000,0x00000000ff8ae0a0,0x00000000ff900000)
  to   space 3584K, 0% used [0x00000000ff200000,0x00000000ff200000,0x00000000ff580000)
 ParOldGen       total 73728K, used 17977K [0x00000000e0000000, 0x00000000e4800000, 0x00000000f5580000)
  object space 73728K, 24% used [0x00000000e0000000,0x00000000e118e5c0,0x00000000e4800000)
 Metaspace       used 15033K, capacity 15346K, committed 15744K, reserved 1062912K
  class space    used 1706K, capacity 1788K, committed 1920K, reserved 1048576K
}
Event: 12282.501 GC heap before
{Heap before GC invocations=746 (full 19):
 PSYoungGen      total 142336K, used 142008K [0x00000000f5580000, 0x00000000ff900000, 0x0000000100000000)
  eden space 140800K, 100% used [0x00000000f5580000,0x00000000fdf00000,0x00000000fdf00000)
  from space 1536K, 78% used [0x00000000ff780000,0x00000000ff8ae0a0,0x00000000ff900000)
  to   space 3584K, 0% used [0x00000000ff200000,0x00000000ff200000,0x00000000ff580000)
 ParOldGen       total 73728K, used 17977K [0x00000000e0000000, 0x00000000e4800000, 0x00000000f5580000)
  object space 73728K, 24% used [0x00000000e0000000,0x00000000e118e5c0,0x00000000e4800000)
 Metaspace       used 15062K, capacity 15346K, committed 15744K, reserved 1062912K
  class space    used 1706K, capacity 1788K, committed 1920K, reserved 1048576K
Event: 12282.523 GC heap after
Heap after GC invocations=746 (full 19):
 PSYoungGen      total 163840K, used 3567K [0x00000000f5580000, 0x0000000100000000, 0x0000000100000000)
  eden space 160256K, 0% used [0x00000000f5580000,0x00000000f5580000,0x00000000ff200000)
  from space 3584K, 99% used [0x00000000ff200000,0x00000000ff57bf00,0x00000000ff580000)
  to   space 4608K, 0% used [0x00000000ffb80000,0x00000000ffb80000,0x0000000100000000)
 ParOldGen       total 73728K, used 19079K [0x00000000e0000000, 0x00000000e4800000, 0x00000000f5580000)
  object space 73728K, 25% used [0x00000000e0000000,0x00000000e12a1ec8,0x00000000e4800000)
 Metaspace       used 15062K, capacity 15346K, committed 15744K, reserved 1062912K
  class space    used 1706K, capacity 1788K, committed 1920K, reserved 1048576K
}
Event: 12284.411 GC heap before
{Heap before GC invocations=747 (full 19):
 PSYoungGen      total 163840K, used 163823K [0x00000000f5580000, 0x0000000100000000, 0x0000000100000000)
  eden space 160256K, 100% used [0x00000000f5580000,0x00000000ff200000,0x00000000ff200000)
  from space 3584K, 99% used [0x00000000ff200000,0x00000000ff57bf00,0x00000000ff580000)
  to   space 4608K, 0% used [0x00000000ffb80000,0x00000000ffb80000,0x0000000100000000)
 ParOldGen       total 73728K, used 19079K [0x00000000e0000000, 0x00000000e4800000, 0x00000000f5580000)
  object space 73728K, 25% used [0x00000000e0000000,0x00000000e12a1ec8,0x00000000e4800000)
 Metaspace       used 15078K, capacity 15346K, committed 15744K, reserved 1062912K
  class space    used 1706K, capacity 1788K, committed 1920K, reserved 1048576K
Event: 12284.418 GC heap after
Heap after GC invocations=747 (full 19):
 PSYoungGen      total 154624K, used 576K [0x00000000f5580000, 0x00000000ffc80000, 0x0000000100000000)
  eden space 153600K, 0% used [0x00000000f5580000,0x00000000f5580000,0x00000000feb80000)
  from space 1024K, 56% used [0x00000000ffb80000,0x00000000ffc10000,0x00000000ffc80000)
  to   space 4608K, 0% used [0x00000000ff380000,0x00000000ff380000,0x00000000ff800000)
 ParOldGen       total 73728K, used 22615K [0x00000000e0000000, 0x00000000e4800000, 0x00000000f5580000)
  object space 73728K, 30% used [0x00000000e0000000,0x00000000e1615dc8,0x00000000e4800000)
 Metaspace       used 15078K, capacity 15346K, committed 15744K, reserved 1062912K
  class space    used 1706K, capacity 1788K, committed 1920K, reserved 1048576K
}

