# JRE version: OpenJDK Runtime Environment (8.0_212-b03) (build 1.8.0_212-8u212-b03-0ubuntu1.16.04.1-b03)
# Java VM: OpenJDK 64-Bit Server VM (25.212-b03 mixed mode, sharing linux-amd64 compressed oops)
Heap:
 PSYoungGen      total 146432K, used 93478K [0x00000000f5580000, 0x00000000fff00000, 0x0000000100000000)
  eden space 145408K, 63% used [0x00000000f5580000,0x00000000fb04f8e8,0x00000000fe380000)
  from space 1024K, 47% used [0x00000000ffd00000,0x00000000ffd7a270,0x00000000ffe00000)
  to   space 1024K, 0% used [0x00000000ffe00000,0x00000000ffe00000,0x00000000fff00000)
 ParOldGen       total 73728K, used 21921K [0x00000000e0000000, 0x00000000e4800000, 0x00000000f5580000)
  object space 73728K, 29% used [0x00000000e0000000,0x00000000e1568510,0x00000000e4800000)
 Metaspace       used 13465K, capacity 13800K, committed 13824K, reserved 1060864K
  class space    used 1678K, capacity 1791K, committed 1792K, reserved 1048576K
GC Heap History (10 events):
Event: 101.507 GC heap before
{Heap before GC invocations=88 (full 1):
 PSYoungGen      total 173056K, used 172313K [0x00000000f5580000, 0x0000000100000000, 0x0000000100000000)
  eden space 172032K, 100% used [0x00000000f5580000,0x00000000ffd80000,0x00000000ffd80000)
  from space 1024K, 27% used [0x00000000ffe80000,0x00000000ffec6748,0x00000000fff80000)
  to   space 1024K, 0% used [0x00000000ffd80000,0x00000000ffd80000,0x00000000ffe80000)
 ParOldGen       total 73728K, used 21535K [0x00000000e0000000, 0x00000000e4800000, 0x00000000f5580000)
  object space 73728K, 29% used [0x00000000e0000000,0x00000000e1507dd8,0x00000000e4800000)
 Metaspace       used 13252K, capacity 13576K, committed 13824K, reserved 1060864K
  class space    used 1657K, capacity 1759K, committed 1792K, reserved 1048576K
Event: 101.511 GC heap after
Heap after GC invocations=88 (full 1):
 PSYoungGen      total 173056K, used 264K [0x00000000f5580000, 0x0000000100000000, 0x0000000100000000)
  eden space 172032K, 0% used [0x00000000f5580000,0x00000000f5580000,0x00000000ffd80000)
  from space 1024K, 25% used [0x00000000ffd80000,0x00000000ffdc21a8,0x00000000ffe80000)
  to   space 1024K, 0% used [0x00000000fff00000,0x00000000fff00000,0x0000000100000000)
 ParOldGen       total 73728K, used 21591K [0x00000000e0000000, 0x00000000e4800000, 0x00000000f5580000)
  object space 73728K, 29% used [0x00000000e0000000,0x00000000e1515dd8,0x00000000e4800000)
 Metaspace       used 13252K, capacity 13576K, committed 13824K, reserved 1060864K
  class space    used 1657K, capacity 1759K, committed 1792K, reserved 1048576K
}
Event: 102.230 GC heap before
{Heap before GC invocations=89 (full 1):
 PSYoungGen      total 173056K, used 172296K [0x00000000f5580000, 0x0000000100000000, 0x0000000100000000)
  eden space 172032K, 100% used [0x00000000f5580000,0x00000000ffd80000,0x00000000ffd80000)
  from space 1024K, 25% used [0x00000000ffd80000,0x00000000ffdc21a8,0x00000000ffe80000)
  to   space 1024K, 0% used [0x00000000fff00000,0x00000000fff00000,0x0000000100000000)
 ParOldGen       total 73728K, used 21591K [0x00000000e0000000, 0x00000000e4800000, 0x00000000f5580000)
  object space 73728K, 29% used [0x00000000e0000000,0x00000000e1515dd8,0x00000000e4800000)
 Metaspace       used 13261K, capacity 13640K, committed 13824K, reserved 1060864K
  class space    used 1657K, capacity 1759K, committed 1792K, reserved 1048576K
Event: 102.234 GC heap after
Heap after GC invocations=89 (full 1):
 PSYoungGen      total 165376K, used 358K [0x00000000f5580000, 0x00000000fff80000, 0x0000000100000000)
  eden space 164864K, 0% used [0x00000000f5580000,0x00000000f5580000,0x00000000ff680000)
  from space 512K, 70% used [0x00000000fff00000,0x00000000fff59b88,0x00000000fff80000)
  to   space 1024K, 0% used [0x00000000ffd80000,0x00000000ffd80000,0x00000000ffe80000)
 ParOldGen       total 73728K, used 21647K [0x00000000e0000000, 0x00000000e4800000, 0x00000000f5580000)
  object space 73728K, 29% used [0x00000000e0000000,0x00000000e1523dd8,0x00000000e4800000)
 Metaspace       used 13261K, capacity 13640K, committed 13824K, reserved 1060864K
  class space    used 1657K, capacity 1759K, committed 1792K, reserved 1048576K
}
Event: 102.855 GC heap before
{Heap before GC invocations=90 (full 1):
 PSYoungGen      total 165376K, used 165222K [0x00000000f5580000, 0x00000000fff80000, 0x0000000100000000)
  eden space 164864K, 100% used [0x00000000f5580000,0x00000000ff680000,0x00000000ff680000)
  from space 512K, 70% used [0x00000000fff00000,0x00000000fff59b88,0x00000000fff80000)
  to   space 1024K, 0% used [0x00000000ffd80000,0x00000000ffd80000,0x00000000ffe80000)
 ParOldGen       total 73728K, used 21647K [0x00000000e0000000, 0x00000000e4800000, 0x00000000f5580000)
  object space 73728K, 29% used [0x00000000e0000000,0x00000000e1523dd8,0x00000000e4800000)
 Metaspace       used 13269K, capacity 13640K, committed 13824K, reserved 1060864K
  class space    used 1657K, capacity 1759K, committed 1792K, reserved 1048576K
Event: 102.858 GC heap after
Heap after GC invocations=90 (full 1):
 PSYoungGen      total 159232K, used 342K [0x00000000f5580000, 0x00000000fff80000, 0x0000000100000000)
  eden space 158208K, 0% used [0x00000000f5580000,0x00000000f5580000,0x00000000ff000000)
  from space 1024K, 33% used [0x00000000ffd80000,0x00000000ffdd5a90,0x00000000ffe80000)
  to   space 1024K, 0% used [0x00000000ffe80000,0x00000000ffe80000,0x00000000fff80000)
 ParOldGen       total 73728K, used 21703K [0x00000000e0000000, 0x00000000e4800000, 0x00000000f5580000)
  object space 73728K, 29% used [0x00000000e0000000,0x00000000e1531dd8,0x00000000e4800000)
 Metaspace       used 13269K, capacity 13640K, committed 13824K, reserved 1060864K
  class space    used 1657K, capacity 1759K, committed 1792K, reserved 1048576K
}
Event: 103.647 GC heap before
{Heap before GC invocations=91 (full 1):
 PSYoungGen      total 159232K, used 158550K [0x00000000f5580000, 0x00000000fff80000, 0x0000000100000000)
  eden space 158208K, 100% used [0x00000000f5580000,0x00000000ff000000,0x00000000ff000000)
  from space 1024K, 33% used [0x00000000ffd80000,0x00000000ffdd5a90,0x00000000ffe80000)
  to   space 1024K, 0% used [0x00000000ffe80000,0x00000000ffe80000,0x00000000fff80000)
 ParOldGen       total 73728K, used 21703K [0x00000000e0000000, 0x00000000e4800000, 0x00000000f5580000)
  object space 73728K, 29% used [0x00000000e0000000,0x00000000e1531dd8,0x00000000e4800000)
 Metaspace       used 13271K, capacity 13640K, committed 13824K, reserved 1060864K
  class space    used 1657K, capacity 1759K, committed 1792K, reserved 1048576K
Event: 103.650 GC heap after
Heap after GC invocations=91 (full 1):
 PSYoungGen      total 152064K, used 128K [0x00000000f5580000, 0x00000000fff00000, 0x0000000100000000)
  eden space 151552K, 0% used [0x00000000f5580000,0x00000000f5580000,0x00000000fe980000)
  from space 512K, 25% used [0x00000000ffe80000,0x00000000ffea0000,0x00000000fff00000)
  to   space 1024K, 0% used [0x00000000ffd00000,0x00000000ffd00000,0x00000000ffe00000)
 ParOldGen       total 73728K, used 21905K [0x00000000e0000000, 0x00000000e4800000, 0x00000000f5580000)
  object space 73728K, 29% used [0x00000000e0000000,0x00000000e1564510,0x00000000e4800000)
 Metaspace       used 13271K, capacity 13640K, committed 13824K, reserved 1060864K
  class space    used 1657K, capacity 1759K, committed 1792K, reserved 1048576K
}
Event: 198.764 GC heap before
{Heap before GC invocations=92 (full 1):
 PSYoungGen      total 152064K, used 151680K [0x00000000f5580000, 0x00000000fff00000, 0x0000000100000000)
  eden space 151552K, 100% used [0x00000000f5580000,0x00000000fe980000,0x00000000fe980000)
  from space 512K, 25% used [0x00000000ffe80000,0x00000000ffea0000,0x00000000fff00000)
  to   space 1024K, 0% used [0x00000000ffd00000,0x00000000ffd00000,0x00000000ffe00000)
 ParOldGen       total 73728K, used 21905K [0x00000000e0000000, 0x00000000e4800000, 0x00000000f5580000)
  object space 73728K, 29% used [0x00000000e0000000,0x00000000e1564510,0x00000000e4800000)
 Metaspace       used 13456K, capacity 13800K, committed 13824K, reserved 1060864K
  class space    used 1678K, capacity 1791K, committed 1792K, reserved 1048576K
Event: 198.768 GC heap after
Heap after GC invocations=92 (full 1):
 PSYoungGen      total 146432K, used 488K [0x00000000f5580000, 0x00000000fff00000, 0x0000000100000000)
  eden space 145408K, 0% used [0x00000000f5580000,0x00000000f5580000,0x00000000fe380000)
  from space 1024K, 47% used [0x00000000ffd00000,0x00000000ffd7a270,0x00000000ffe00000)
  to   space 1024K, 0% used [0x00000000ffe00000,0x00000000ffe00000,0x00000000fff00000)
 ParOldGen       total 73728K, used 21921K [0x00000000e0000000, 0x00000000e4800000, 0x00000000f5580000)
  object space 73728K, 29% used [0x00000000e0000000,0x00000000e1568510,0x00000000e4800000)
 Metaspace       used 13456K, capacity 13800K, committed 13824K, reserved 1060864K
  class space    used 1678K, capacity 1791K, committed 1792K, reserved 1048576K
}

